0.522682
0.522705
0.521287
0.517764
0.519899
0.457625
0.455488
0.452771
0.475332
0.455287
0.424838
0.424916
0.423248
0.425565
0.423736
0.423753
0.426020
0.423860
0.424967
0.425803
0.466452
0.426594
0.424106
0.421931
0.428266
0.425884
0.428230
0.424766
0.423603
0.425622
0.682017
0.685233
0.685265
0.680952
0.680660
0.528686
0.530778
0.533960
0.531703
0.531982
0.459634
0.461050
0.459304
0.460264
0.458494
0.459280
0.459481
0.460354
0.460188
0.459080
0.460603
0.464602
0.467605
0.459497
0.465130
0.467862
0.464824
0.459237
0.463200
0.461081
0.935435
0.934711
0.936804
0.934932
0.932240
0.660254
0.654732
0.653893
0.655273
0.651611
0.519841
0.524481
0.518516
0.519445
0.518953
0.522099
0.522172
0.520152
0.538324
0.525581
0.523447
0.518838
0.524947
0.525292
0.532119
0.523438
0.524987
0.522256
0.566753
0.523135
1.252287
1.249894
1.253552
1.253829
1.254392
0.806386
0.812974
0.811504
0.813937
0.816674
0.599744
0.601343
0.601118
0.602978
0.601436
0.600456
0.607615
0.608838
0.602664
0.607651
0.612267
0.603390
0.615745
0.606455
0.613448
0.602111
0.611329
0.611176
0.601991
0.611780
1.677668
1.677662
1.677498
1.678072
1.677003
1.018688
1.025130
1.021233
1.023749
1.021137
0.707916
0.706573
0.711269
0.713755
0.711410
0.716058
0.717147
0.713673
0.712013
0.717030
0.704970
0.717773
0.711316
0.719175
0.720871
0.713844
0.714660
0.713919
0.714235
0.709763
2.153004
2.158853
2.158150
2.162727
2.154837
1.257112
1.260090
1.260612
1.260213
1.260812
0.837844
0.835715
0.834344
0.831801
0.833974
0.840257
0.839166
0.844976
0.848075
0.844436
0.850290
0.839922
0.842057
0.851242
0.847158
0.851921
0.847551
0.843410
0.842618
0.843612
2.720166
2.712307
2.712907
2.707177
2.708004
1.537181
1.533712
1.537605
1.544045
1.538315
0.980345
0.981470
0.980543
0.981213
0.981880
0.995963
0.992772
0.996008
0.993346
0.994974
0.999191
0.998743
1.009351
1.013939
1.021357
0.994139
0.986685
0.987865
0.994787
0.997854
