0.509225
0.511473
0.507113
0.511550
0.510947
0.452310
0.453030
0.453210
0.452548
0.450748
0.423395
0.423280
0.422661
0.423340
0.422220
0.427201
0.424508
0.424452
0.424642
0.420944
0.422517
0.427884
0.423739
0.426597
0.424944
0.424993
0.425953
0.422008
0.424944
0.429492
0.682706
0.693464
0.701949
0.693007
0.697350
0.547181
0.541890
0.543968
0.537671
0.542203
0.527019
0.528269
0.517856
0.528758
0.510343
0.509764
0.506210
0.508878
0.470447
0.472189
0.472029
0.473688
0.472935
0.467659
0.473561
0.476283
0.478502
0.471408
0.478829
0.474281
0.934802
0.934569
0.931403
0.934510
0.932030
0.665317
0.673967
0.667113
0.670649
0.660824
0.534009
0.535258
0.534755
0.532260
0.532764
0.538764
0.538640
0.536814
0.539426
0.541247
0.535459
0.537527
0.542346
0.535738
0.541966
0.540889
0.535456
0.652156
0.541417
0.534289
1.259475
1.257466
1.261503
1.259966
1.258588
0.824295
0.823630
0.825132
0.821945
0.823786
0.615661
0.616637
0.617290
0.616487
0.649445
0.626495
0.626996
0.626511
0.626721
0.625322
0.630949
0.626536
0.623022
0.620344
0.631757
0.620964
0.622670
0.619996
0.629764
0.628109
1.681623
1.686418
1.689310
1.681982
1.685704
1.036716
1.033666
1.033574
1.035468
1.032773
0.727211
0.728986
0.727530
0.729445
0.728114
0.734767
0.737315
0.732352
0.734824
0.733727
0.728550
0.742908
0.739759
0.737669
0.735226
0.730695
0.727624
0.731230
0.732451
0.738247
2.159975
2.160677
2.158235
2.162735
2.159692
1.271891
1.270712
1.271660
1.267275
1.274267
0.856916
0.851176
0.853936
0.857623
0.853606
0.864623
0.861119
0.864088
0.863013
0.868299
0.866910
0.860190
0.861106
0.858950
0.867976
0.858455
0.861495
0.855492
0.854315
0.864401
2.714671
2.721337
2.720893
2.725830
2.727242
1.545006
1.550001
1.547558
1.543135
1.547368
1.002931
1.004216
0.998087
1.000601
0.998551
1.014944
1.017442
1.016755
1.014632
1.016820
1.005860
1.014855
1.016692
1.027019
1.004910
1.007651
1.014756
1.001075
1.014938
1.004113
