8.879898
8.944718
8.942364
8.985392
8.945505
6.425445
6.422561
6.424406
6.417956
6.430324
5.805322
5.802703
5.799469
5.802294
5.802259
5.444257
5.441572
5.447537
5.452727
5.445918
5.189786
5.193297
5.195611
5.194090
5.198722
5.059115
5.061053
5.058586
5.103906
5.069212
12.292180
12.406851
12.364743
12.370074
12.371225
8.086637
8.071699
8.067774
8.070296
8.070076
6.611977
6.617308
6.614645
6.620840
6.616185
5.848692
5.846350
5.846733
5.844845
5.843801
5.402481
5.399982
5.402007
5.398030
5.397487
5.156763
5.157495
5.159085
5.157802
5.159332
16.973481
17.048402
17.043659
17.059062
17.051493
10.392746
10.375651
10.384935
10.389670
10.388786
7.765432
7.774824
7.766353
7.765033
7.764704
6.409970
6.410120
6.410049
6.410228
6.406441
5.668955
5.675459
5.671794
5.673162
5.669207
5.292388
5.291330
5.291822
5.295331
5.288926
22.952547
22.994076
23.004700
23.014337
22.994900
13.374130
13.354992
13.368530
13.361148
13.359673
9.229596
9.229002
9.228499
9.226089
9.228073
7.118393
7.124345
7.125192
7.114522
7.120657
6.016182
6.019251
6.020338
6.015712
6.017538
5.463835
5.462422
5.460877
5.462273
5.460595
30.850128
30.837247
30.848358
30.843818
30.901010
17.322588
17.315336
17.323047
17.319998
17.318432
11.176721
11.183564
11.180065
11.184316
11.181568
8.078026
8.072016
8.074396
8.074563
8.075033
6.491370
6.488216
6.498091
6.487261
6.485486
5.685250
5.686282
5.683328
5.682628
5.685114
39.719698
39.804372
39.794626
39.805740
39.845311
21.768095
21.778210
21.773459
21.767874
21.770027
13.386581
13.385239
13.379641
13.378981
13.385833
9.154960
9.158537
9.155420
9.157153
9.149422
7.014751
7.016911
7.012980
7.013229
7.012984
5.941082
5.934423
5.940608
5.984387
5.995304
50.308105
50.233072
50.399080
50.343198
50.297981
27.030558
27.034881
27.035371
27.035224
27.052354
15.983323
15.984693
15.996477
15.982568
15.998068
10.431950
10.435543
10.434419
10.433101
10.435300
7.632098
7.633864
7.636081
7.636013
7.635859
6.227789
6.234081
6.232825
6.229560
6.236141
