9.450108
9.503178
9.500070
9.499500
9.505460
9.612270
9.734464
9.702151
9.760216
9.559943
9.476897
9.543169
9.602256
9.504302
9.547760
9.503457
9.660778
9.536415
9.501037
9.497293
9.425635
9.487650
9.491285
9.523092
9.509138
9.426333
9.496743
9.494741
9.535454
9.523297
12.332489
12.389486
12.399433
12.390217
12.398421
12.326265
12.330038
12.410778
12.402644
12.392835
12.334533
12.388231
12.384815
12.414378
12.390182
12.326084
12.398666
12.394491
12.327605
12.395447
12.330637
12.401180
12.398982
12.396533
12.434665
12.337507
12.401275
12.403405
12.402163
12.393730
16.766942
16.874118
16.832949
16.828665
16.816153
16.779892
16.829421
16.817945
16.811451
16.824916
16.743791
16.856455
16.805848
16.808245
16.810907
16.740981
16.820931
16.843116
16.816906
16.810029
16.747236
16.829095
16.827189
16.816211
16.818577
16.756297
16.805989
16.809014
16.836437
16.834154
22.706792
22.788341
22.781875
22.808265
22.802053
22.688034
22.762722
22.769300
22.782136
22.752247
22.740865
22.812993
22.825508
22.752561
22.750567
23.007191
23.544738
23.118299
23.008039
23.044270
22.765536
22.804709
22.816394
22.785420
22.908553
22.729784
22.820007
22.825550
22.880459
22.801223
30.494118
30.556886
30.558836
30.551584
30.559871
30.484357
30.558580
30.554905
30.552910
30.558888
30.482288
30.647995
30.565033
30.553409
30.564283
30.496176
30.556806
30.558836
30.549683
30.560317
30.502323
30.550328
30.557161
30.560312
30.558392
30.481625
30.547291
30.548988
30.562196
30.557052
39.524981
39.612330
39.641687
39.581392
39.577873
39.520284
39.576944
39.618906
39.597792
39.622135
39.542922
39.618139
39.610027
39.599236
39.601476
39.528686
39.611708
39.612915
39.611692
39.612303
39.546452
39.634592
39.592867
39.597518
39.609504
39.519969
39.641101
39.535208
39.591736
39.590935
49.917065
50.025127
49.984311
49.984557
49.986981
49.914411
49.923087
49.923314
49.925166
49.920552
49.925633
49.917924
49.917432
49.920017
49.916667
49.915008
49.911532
49.912234
49.928234
49.930612
49.915278
49.913708
50.066669
49.922152
49.929859
49.909492
49.917388
49.909952
49.915227
49.937824
