8.888840
9.007354
8.992119
9.024932
8.997942
7.789752
7.911683
7.909438
7.852535
7.883801
7.272959
7.400882
7.380876
7.375087
7.387474
7.327100
7.365886
7.475530
7.380144
7.371707
7.296278
7.400545
7.497322
7.407716
7.397372
7.285786
7.389035
7.381083
7.353713
7.384038
12.307161
12.394316
12.393065
12.411393
12.413709
9.648164
9.790088
9.750382
9.759654
9.751877
8.397179
8.497098
8.558832
8.502189
8.495604
8.445062
8.553084
8.544026
8.559959
8.546368
8.469059
8.620423
8.564439
8.545023
8.574999
8.461457
8.561721
8.557871
8.564979
8.560782
16.988510
17.111006
17.094752
17.106322
17.092833
11.953712
12.047613
12.055321
12.058964
12.066754
9.585934
9.722963
9.641248
9.657936
9.655196
9.683122
9.846170
9.745479
9.763692
9.765263
9.719815
9.758881
9.792446
9.774585
9.786350
9.700619
9.816044
9.797698
9.766282
9.761874
23.063173
23.101956
23.057009
23.081084
23.048709
14.912510
14.994248
15.132933
15.017720
14.970203
11.043235
11.129289
11.135863
11.141755
11.076435
11.268307
11.266306
11.270012
11.267044
11.272882
11.264986
11.258053
11.363207
11.402630
11.342719
11.267649
11.352201
11.322903
11.371932
11.361656
30.820615
30.931938
31.080521
30.981603
31.031981
18.796442
18.827882
18.867908
18.785595
18.907583
13.018124
13.026561
13.072786
13.065157
12.985555
13.295511
13.293125
13.355478
13.397718
13.397660
13.287620
13.384192
13.383705
13.379549
13.372281
13.291344
13.355865
13.359862
13.360415
13.344102
40.063672
39.937074
39.927589
39.824651
39.926415
23.106237
23.264700
23.220141
23.184219
23.278129
15.213608
15.273228
15.291135
15.313236
15.283606
15.723654
15.776005
15.771710
15.789387
15.773601
15.708829
15.781158
15.788994
15.865229
15.812003
15.696481
15.756969
15.750689
15.761349
15.751657
50.235900
50.258914
50.297499
50.436465
50.420390
28.398262
28.515550
28.390549
28.449197
28.361231
17.952984
17.908912
17.970018
17.956127
17.980385
18.596835
18.667908
18.664952
18.678278
18.673459
18.603920
18.657638
18.640147
18.650561
18.661407
18.592582
18.628480
18.640893
18.666246
18.668649
