9.473715
9.573988
9.566152
9.573689
9.550265
8.250340
8.347345
8.354456
8.358837
8.362058
7.692828
7.822103
7.778478
7.795393
7.818157
7.663339
7.770748
7.764985
7.767868
7.769563
7.687600
7.781104
7.781322
7.801635
7.782158
7.664901
7.772629
7.768438
7.778528
7.782475
12.486192
12.558907
12.569908
12.528459
12.513381
9.630904
9.694010
9.702188
9.705517
9.723059
8.285654
8.356731
8.373044
8.356620
8.332494
8.309764
8.369836
8.370383
8.391953
8.371282
8.325667
8.409020
8.406463
8.427653
8.410477
8.311569
8.400089
8.386873
8.388995
8.392655
17.164397
17.225401
17.241486
17.228734
17.224571
11.827443
11.900929
11.859685
11.910119
11.910582
9.468810
9.462958
9.424694
9.423636
9.463076
9.418698
9.500362
9.457978
9.452483
9.457648
9.437186
9.496260
9.538609
9.519216
9.524623
9.402781
9.446870
9.451367
9.450347
9.479814
23.347265
23.436780
23.453076
23.438185
23.381598
14.818189
14.917224
14.894268
14.916367
14.921039
10.816038
10.881349
10.884613
10.854957
10.793021
10.954896
10.956431
10.959249
10.968670
10.959826
10.955846
10.958488
10.991892
10.986727
11.004503
10.964232
11.040385
10.999393
11.002987
11.004333
31.426359
31.466600
31.475918
31.492104
31.493398
18.777371
18.891534
18.865648
18.854720
18.880379
12.796913
12.869596
12.879057
12.903618
12.895743
13.040261
13.043907
13.143893
13.116381
13.127169
13.066063
13.114341
13.176283
13.117344
13.095021
13.032055
13.108258
13.108090
13.112943
13.110281
40.708564
40.703189
40.770994
40.707317
40.796275
23.443144
23.436314
23.455221
23.517747
23.376504
15.176332
15.169678
15.194306
15.168969
15.171959
15.997519
15.605898
15.622634
15.639857
15.639265
15.558261
15.545598
15.557313
15.626665
15.577978
15.522230
16.086581
15.660855
15.867656
15.647065
51.644913
51.717678
51.700298
51.766894
51.775381
28.887084
28.953504
28.967413
28.971180
28.989771
18.003423
18.056560
17.988563
18.061807
17.989553
18.519418
18.576976
18.550961
18.642354
18.528967
18.513237
18.488868
18.513657
18.498095
18.530466
18.488893
18.563062
18.536404
18.595798
18.558686
