0.867703
0.806566
0.692127
0.633378
0.658029
0.652921
1.140468
1.003271
0.780101
0.760577
0.756827
0.755468
1.290382
0.933856
1.080644
0.919616
0.912995
0.918808
1.734219
1.405436
1.152088
1.278686
1.158336
1.131657
2.361587
1.504134
1.414042
1.508870
1.534554
1.422788
2.955711
2.314721
1.930642
2.058720
1.925280
1.954716
4.063585
2.225544
2.242948
2.395229
2.218903
2.427232
0.728513
0.673583
0.670462
0.659204
0.658774
0.661342
1.023147
0.866436
0.783859
0.786096
0.782889
0.778483
1.372336
0.971057
0.969518
0.973308
0.957092
0.973674
1.797737
1.234276
1.211773
1.238897
1.257429
1.200417
2.375195
1.549271
1.497233
1.483359
1.493056
1.496283
3.005258
1.877705
1.807153
1.817567
1.810698
1.820541
3.731827
2.241292
2.228280
2.208290
2.193009
2.185917
0.759917
0.695776
0.700970
0.696666
0.691731
0.712644
1.072909
0.833762
0.819608
0.811933
0.803565
0.848319
1.468388
1.086545
1.023172
1.017534
1.011562
1.000240
1.876231
1.321439
1.268096
1.260962
1.274588
1.317882
2.471674
1.642837
1.857068
1.559809
1.604667
1.563497
3.136244
1.882756
1.930613
2.014624
1.902928
1.928569
3.975426
2.541301
2.374668
2.342063
2.395429
2.346854
