9.468679
9.508013
9.523605
9.516705
9.537531
8.242626
8.307297
8.320552
8.324237
8.315566
7.659807
7.733852
7.731495
7.729137
7.739054
7.641727
7.726563
7.717550
7.717787
7.728477
7.655789
7.713546
7.721183
7.724785
7.719325
7.647925
7.729295
7.730206
7.719979
7.717139
12.329168
12.405678
12.413084
12.413758
12.413703
9.586598
9.640075
9.653523
9.706681
9.656224
8.235611
8.307409
8.303200
8.306177
8.304606
8.234186
8.319491
8.304481
8.332258
8.312048
8.255848
8.295042
8.329487
8.281613
8.330473
8.263208
8.262900
8.335073
8.315613
8.316779
16.854709
16.935635
16.928753
16.940266
16.938753
11.705445
11.758737
11.781488
11.772595
11.676773
9.233079
9.305294
9.302693
9.229470
9.289637
9.251529
9.319326
9.309044
9.318313
9.316618
9.230334
9.308852
9.321014
9.330624
9.321829
9.250037
9.324499
9.321042
9.347712
9.327407
22.846776
22.870920
22.991314
22.923167
22.929170
14.620410
14.664177
14.658266
14.634950
14.697986
10.663828
10.731143
10.754254
10.671157
10.657221
10.703843
10.768681
10.715926
10.902324
10.796993
10.721806
10.744603
10.723471
10.775946
10.718956
10.722153
10.770585
10.797235
10.787923
10.723679
30.700237
30.761932
30.785609
30.756438
30.755547
18.490473
18.592081
18.555538
18.594144
18.582832
12.624233
12.689456
12.685845
12.706358
12.704157
12.651026
12.763679
12.731221
12.731857
12.772177
12.657044
12.742702
12.665879
12.776643
12.666552
12.665190
12.737639
12.738241
12.736925
12.742519
39.643418
39.623850
39.650086
39.765485
39.625850
22.853410
22.823002
22.841340
22.892964
23.127140
15.092305
15.038730
14.873341
14.883053
14.870674
15.000125
15.270424
14.978666
14.998088
15.008273
14.996829
14.984158
15.010347
15.016301
15.029148
15.003678
15.011818
14.993673
15.005939
15.027503
50.066432
50.071259
50.084274
50.135695
50.255244
28.110887
28.112254
28.072915
28.100355
28.070350
17.541098
17.539741
17.575627
17.549019
17.544617
17.785378
17.846326
17.755530
17.752490
17.735627
17.746076
17.744543
17.807739
17.738476
17.749834
17.741831
17.768322
17.750161
17.774764
17.760018
