8.892414
8.966722
8.963506
8.967615
8.955885
7.794602
7.872350
7.865366
7.881126
7.881022
7.272843
7.340718
7.344506
7.340614
7.343111
7.266252
7.430765
7.379841
7.348771
7.379612
7.284849
7.360697
7.365303
7.343078
7.361695
7.279443
7.333653
7.337904
7.342831
7.353260
12.311968
12.391656
12.387266
12.394467
12.425518
9.648246
9.748466
9.747790
9.767291
9.736316
8.396348
8.455272
8.447510
8.467456
8.463420
8.432395
8.483964
8.485111
8.495864
8.481671
8.426657
8.519049
8.497663
8.479407
8.515995
8.410001
8.478560
8.477800
8.481694
8.477394
16.996454
17.072452
17.116934
17.067512
17.077754
11.972507
12.047318
12.060974
12.057760
12.050769
9.557340
9.639605
9.628241
9.639572
9.630659
9.591899
9.704471
9.675108
9.666130
9.662008
9.597292
9.680536
9.718479
9.676412
9.676171
9.592183
9.668428
9.673515
9.666933
9.667340
22.974290
23.046103
22.977795
23.049229
22.972581
14.895989
14.974036
14.973661
14.988748
14.970446
11.019992
11.027073
11.042834
11.018767
11.133074
11.110754
11.106751
11.184685
11.395551
11.128683
11.109219
11.114782
11.186401
11.104838
11.150218
11.109340
11.113152
11.114607
11.113603
11.107494
30.877613
30.966695
30.873193
30.904016
30.944580
18.777395
18.798009
18.791954
18.852786
18.823977
12.977049
13.062148
13.038531
13.059264
13.068185
13.057819
13.130151
13.137660
13.131813
13.137573
13.041338
13.066882
13.104802
13.143465
13.123919
13.064103
13.105615
13.157113
13.111824
13.120039
39.747976
39.760173
39.811256
39.812851
39.770600
23.158253
23.219260
23.295247
23.480677
23.297961
15.247935
15.350235
15.354958
15.321056
15.349818
15.391761
15.454345
15.451845
15.453032
15.482098
15.370124
15.443451
15.451311
15.457266
15.475092
15.382689
15.478597
15.507918
15.457905
15.467774
50.283346
50.361067
50.349220
50.364442
50.384019
28.330891
28.381151
28.493736
28.457099
28.525455
17.942634
17.995656
18.002011
17.972588
18.011456
18.110617
18.233096
18.178484
18.246751
18.220913
18.135483
18.196907
18.205064
18.237152
18.211605
18.132411
18.224547
18.235254
18.213414
18.136677
