0.508940
0.513600
0.511576
0.510136
0.511260
0.385698
0.384610
0.384838
0.384721
0.385099
0.316536
0.317087
0.318593
0.317258
0.319088
0.293743
0.291275
0.294335
0.291145
0.293530
0.281566
0.281352
0.282425
0.282318
0.281938
0.278052
0.277936
0.277803
0.278136
0.278121
0.685366
0.712485
0.679754
0.692250
0.682578
0.469318
0.470445
0.472216
0.466333
0.466668
0.355634
0.361820
0.359305
0.361279
0.360669
0.312224
0.313161
0.313230
0.313868
0.313630
0.291638
0.291258
0.286410
0.290648
0.290769
0.277181
0.282741
0.290551
0.281857
0.277839
0.934896
0.936982
0.936212
0.945007
0.936947
0.596660
0.601171
0.594046
0.621056
0.620278
0.422210
0.424757
0.421760
0.422579
0.423553
0.344114
0.344642
0.343947
0.344699
0.343585
0.306544
0.307705
0.304773
0.308270
0.305509
0.288175
0.287969
0.289919
0.287853
0.288722
1.257724
1.255430
1.257159
1.258813
1.259300
0.757289
0.761006
0.756110
0.770639
0.802324
0.530769
0.529951
0.518073
0.502204
0.503628
0.385440
0.380309
0.384486
0.380692
0.382426
0.325603
0.324048
0.328276
0.326482
0.322902
0.295347
0.293428
0.292652
0.296592
0.292504
1.681536
1.689971
1.681469
1.683631
1.685101
0.970316
0.982919
0.976430
0.974218
0.977281
0.608512
0.605450
0.609076
0.609647
0.609349
0.431948
0.432903
0.433027
0.432446
0.437111
0.346646
0.343871
0.344062
0.343617
0.345829
0.306662
0.303514
0.301583
0.301101
0.304886
2.158887
2.160347
2.155859
2.158524
2.159514
1.211345
1.213876
1.211892
1.213275
1.208439
0.720701
0.723750
0.723797
0.725565
0.727745
0.489177
0.484953
0.488861
0.486893
0.484335
0.371465
0.373437
0.375840
0.368625
0.372653
0.313901
0.315673
0.316614
0.313981
0.311298
2.718654
2.718494
2.717678
2.724320
2.720367
1.496628
1.492534
1.493885
1.492734
1.494426
0.860541
0.860968
0.860081
0.861925
0.859718
0.551799
0.551656
0.551919
0.549444
0.551618
0.399732
0.399845
0.398467
0.399991
0.399824
0.323693
0.324791
0.323831
0.324122
0.327702
