0.524516
0.521120
0.521562
0.524068
0.520593
0.522432
0.523542
0.517144
0.520768
0.523065
0.520368
0.518030
0.521789
0.522326
0.522496
0.520018
0.523437
0.522294
0.522794
0.517112
0.522838
0.522285
0.521134
0.522699
0.524468
0.538323
0.523814
0.529434
0.526269
0.523760
0.684149
0.683102
0.690982
0.683948
0.713392
0.681044
0.685885
0.689743
0.682982
0.706101
0.682226
0.683721
0.704090
0.683838
0.686782
0.684872
0.691020
0.710058
0.686734
0.690072
0.740113
0.699741
0.686006
0.706080
0.690719
0.683435
0.681859
0.692731
0.707489
0.703628
0.946634
0.941543
0.928948
0.940754
0.951010
0.942342
0.943732
0.978321
0.968022
0.970751
0.980583
0.949712
0.938668
0.966901
0.960772
0.951272
0.956582
0.950929
0.926829
0.935746
0.942746
0.943835
0.946373
0.963089
0.952348
0.932374
0.999408
0.963747
0.956968
0.954599
1.276902
1.327202
1.298379
1.271891
1.280297
1.284261
1.279895
1.310516
1.316876
1.341709
1.312028
1.276322
1.264497
1.267302
1.262117
1.261236
1.268085
1.262706
1.265301
1.261580
1.261973
1.266050
1.261706
1.264829
1.260326
1.262592
1.265010
1.274120
1.268933
1.266461
1.678560
1.673335
1.672413
1.667989
1.680891
1.689592
1.681438
1.669298
1.667768
1.673568
1.668493
1.682372
1.668187
1.665819
1.669143
1.667992
1.667951
1.668910
1.665633
1.668454
1.668466
1.670989
1.670224
1.676277
1.676153
1.669701
1.687762
1.668749
1.670466
1.669787
2.154741
2.161145
2.152041
2.152846
2.152943
2.153231
2.157242
2.154387
2.152809
2.153528
2.154241
2.156693
2.153162
2.152239
2.153600
2.152222
2.158228
2.153476
2.152895
2.151044
2.149778
2.158289
2.153053
2.153262
2.153458
2.153325
2.158282
2.161579
2.164993
2.198075
2.834628
2.745493
2.749505
2.738198
2.729895
2.739677
2.748758
2.784028
2.749859
2.782655
2.762904
2.717320
2.722378
2.713243
2.704427
2.744070
2.755820
2.782534
2.772032
2.747039
2.758660
2.856679
2.857802
2.856162
2.749651
2.718820
2.722614
2.711971
2.715173
2.711350
