7.394410
7.607242
7.599226
7.613873
7.599120
6.648212
6.838359
6.892049
6.839827
6.852324
6.262793
6.460833
6.485684
6.477558
6.477967
6.264667
6.494993
6.482449
6.477477
6.468559
6.302572
6.487958
6.485052
6.508514
6.535240
6.315300
6.537770
6.517388
6.509329
6.507491
10.146683
10.364866
10.451884
10.379703
10.348353
8.318007
8.510849
8.480814
8.523156
8.542818
7.413472
7.602172
7.609304
7.622589
7.630453
7.419163
7.636689
7.651953
7.615825
7.630203
7.432230
7.629820
7.616129
7.615732
7.621493
7.420680
7.620691
7.611539
7.625522
7.629022
13.683613
13.811449
13.786435
13.787146
13.874843
10.150388
10.292579
10.320786
10.286498
10.318251
8.492698
8.650306
8.583448
8.570516
8.585610
8.488647
8.594074
8.602210
8.684008
8.600722
8.503238
8.612396
8.621693
8.676553
8.582323
8.497893
8.699452
8.610741
8.596637
8.593566
18.026221
18.136770
18.186159
18.165707
18.404861
12.376148
12.459540
12.466519
12.470103
12.463552
9.659646
9.759687
9.777948
9.753382
9.775212
9.712581
9.814501
9.827651
9.818281
9.813677
9.714572
9.816548
9.806902
9.810214
9.805835
9.707981
9.802478
9.817219
9.826547
9.825727
23.681936
23.771921
23.803418
23.768141
23.782421
15.341659
15.305916
15.306368
15.334166
15.274972
11.140903
11.285483
11.243281
11.234628
11.253316
11.178188
11.286014
11.373604
11.285270
11.407857
11.195495
11.321205
11.295717
11.285478
11.283827
11.183682
11.266913
11.261808
11.297662
11.300925
30.005922
30.070689
30.081788
30.070456
30.081668
18.391404
18.481537
18.409149
18.506500
18.474885
12.809796
12.925223
12.962322
12.934823
12.882785
12.874085
12.976878
13.030060
12.995278
12.998542
12.905641
12.977725
13.006007
12.990559
12.989116
12.878008
12.984028
12.993164
12.993139
12.981607
37.429331
37.492436
37.409891
37.487063
37.806974
22.544309
22.783109
22.521239
22.908072
22.654668
14.830328
14.943419
15.047165
15.162311
15.077962
14.947112
14.991044
14.993344
15.022252
14.945610
14.820599
14.925397
14.926464
14.937915
14.970388
14.854760
14.931841
14.938123
14.912011
14.935730
