8.321546
8.756400
8.514013
8.459011
8.421404
7.388772
7.583107
7.586324
7.587329
7.580033
6.983302
7.170568
7.183694
7.181703
7.173994
6.951796
7.148731
7.157210
7.155505
7.185209
6.964613
7.177325
7.174755
7.164365
7.174388
6.964255
7.171725
7.164149
7.157011
7.173362
10.588189
10.688057
10.687033
10.667071
10.709180
8.660790
8.753431
8.754400
8.759276
8.758344
7.706414
7.913815
7.817462
7.823619
7.814240
7.748664
7.814235
7.819325
7.822637
7.810992
7.724955
7.927073
7.861560
7.878293
7.821617
7.730321
7.829528
7.819473
7.822709
7.822414
13.982295
14.076972
14.086881
14.110979
14.078348
10.338279
10.429740
10.443999
10.458858
10.438951
8.590813
8.697574
8.691071
8.695025
8.699103
8.597304
8.713392
8.683024
8.702897
8.702307
8.607683
8.703617
8.726460
8.742651
8.703024
8.619167
8.711863
8.727149
8.695133
8.710753
18.169354
18.278212
18.266933
18.282768
18.275274
12.470402
12.654099
12.559097
12.538235
12.524698
9.692595
9.786580
9.790533
9.799871
9.762780
9.719455
9.832915
9.862114
9.819493
9.834974
9.730659
9.832851
9.838919
9.826111
9.846409
9.716665
9.830690
9.818893
9.838612
9.834267
23.754646
23.871490
23.844647
23.822631
23.829952
15.190178
15.307464
15.339392
15.323638
15.270505
11.090797
11.159188
11.165155
11.192800
11.219714
11.142207
11.249630
11.199016
11.223373
11.248131
11.163420
11.211244
11.243995
11.181858
11.266591
11.141421
11.213971
11.285610
11.252822
11.239537
30.041502
30.107906
30.210411
30.129194
30.109347
18.287996
18.388350
18.335690
18.355323
18.496480
12.701412
12.749071
12.783672
12.756116
12.784060
12.788973
12.860675
12.866719
12.872738
12.858407
12.805837
12.862636
12.881217
12.879614
12.872998
12.796123
12.865853
12.899203
12.858559
12.881946
37.369868
37.439316
37.451987
37.443701
37.441507
21.903607
21.983076
21.964213
21.973774
22.006612
14.564180
14.631179
14.666438
14.638271
14.658648
14.762429
14.892925
14.803046
14.809342
14.798130
14.750479
14.834165
14.819586
14.792606
14.795500
14.740193
14.823882
14.803700
14.825851
14.841173
