--------------------------------------------------------------------------
[[29986,1],0]: A high-performance Open MPI point-to-point messaging module
was unable to find any relevant network interfaces:

Module: OpenFabrics (openib)
  Host: master

Another transport will be used instead, although this may result in
lower performance.

NOTE: You can disable this warning by setting the MCA parameter
btl_base_warn_component_unused to 0.
--------------------------------------------------------------------------
1
3
--------------------------------------------------------------------------
[[30001,1],0]: A high-performance Open MPI point-to-point messaging module
was unable to find any relevant network interfaces:

Module: OpenFabrics (openib)
  Host: master

Another transport will be used instead, although this may result in
lower performance.

NOTE: You can disable this warning by setting the MCA parameter
btl_base_warn_component_unused to 0.
--------------------------------------------------------------------------
1
3
1
3
2
3
------------------------------------------------------------
A process or daemon was unable to complete a TCP connection
to another process:
  Local host:    instance-4
  Remote host:   10.128.0.20
This is usually caused by a firewall on the remote host. Please
check that any firewall (e.g., iptables) has been disabled and
try again.
------------------------------------------------------------
------------------------------------------------------------
A process or daemon was unable to complete a TCP connection
to another process:
  Local host:    instance-3
  Remote host:   10.128.0.20
This is usually caused by a firewall on the remote host. Please
check that any firewall (e.g., iptables) has been disabled and
try again.
------------------------------------------------------------
------------------------------------------------------------
A process or daemon was unable to complete a TCP connection
to another process:
  Local host:    instance-2
  Remote host:   10.128.0.20
This is usually caused by a firewall on the remote host. Please
check that any firewall (e.g., iptables) has been disabled and
try again.
------------------------------------------------------------
------------------------------------------------------------
A process or daemon was unable to complete a TCP connection
to another process:
  Local host:    instance-5
  Remote host:   10.128.0.20
This is usually caused by a firewall on the remote host. Please
check that any firewall (e.g., iptables) has been disabled and
try again.
------------------------------------------------------------
------------------------------------------------------------
A process or daemon was unable to complete a TCP connection
to another process:
  Local host:    instance-7
  Remote host:   10.128.0.20
This is usually caused by a firewall on the remote host. Please
check that any firewall (e.g., iptables) has been disabled and
try again.
------------------------------------------------------------
2
3
------------------------------------------------------------
A process or daemon was unable to complete a TCP connection
to another process:
  Local host:    instance-1
  Remote host:   10.128.0.20
This is usually caused by a firewall on the remote host. Please
check that any firewall (e.g., iptables) has been disabled and
try again.
------------------------------------------------------------
------------------------------------------------------------
A process or daemon was unable to complete a TCP connection
to another process:
  Local host:    instance-3
  Remote host:   10.128.0.20
This is usually caused by a firewall on the remote host. Please
check that any firewall (e.g., iptables) has been disabled and
try again.
------------------------------------------------------------
------------------------------------------------------------
A process or daemon was unable to complete a TCP connection
to another process:
  Local host:    instance-4
  Remote host:   10.128.0.20
This is usually caused by a firewall on the remote host. Please
check that any firewall (e.g., iptables) has been disabled and
try again.
------------------------------------------------------------
------------------------------------------------------------
A process or daemon was unable to complete a TCP connection
to another process:
  Local host:    instance-5
  Remote host:   10.128.0.20
This is usually caused by a firewall on the remote host. Please
check that any firewall (e.g., iptables) has been disabled and
try again.
------------------------------------------------------------
------------------------------------------------------------
A process or daemon was unable to complete a TCP connection
to another process:
  Local host:    instance-6
  Remote host:   10.128.0.20
This is usually caused by a firewall on the remote host. Please
check that any firewall (e.g., iptables) has been disabled and
try again.
------------------------------------------------------------
------------------------------------------------------------
A process or daemon was unable to complete a TCP connection
to another process:
  Local host:    instance-2
  Remote host:   10.128.0.20
This is usually caused by a firewall on the remote host. Please
check that any firewall (e.g., iptables) has been disabled and
try again.
------------------------------------------------------------
2
3
------------------------------------------------------------
A process or daemon was unable to complete a TCP connection
to another process:
  Local host:    instance-7
  Remote host:   10.128.0.20
This is usually caused by a firewall on the remote host. Please
check that any firewall (e.g., iptables) has been disabled and
try again.
------------------------------------------------------------
4
3
------------------------------------------------------------
A process or daemon was unable to complete a TCP connection
to another process:
  Local host:    instance-1
  Remote host:   10.128.0.20
This is usually caused by a firewall on the remote host. Please
check that any firewall (e.g., iptables) has been disabled and
try again.
------------------------------------------------------------
------------------------------------------------------------
A process or daemon was unable to complete a TCP connection
to another process:
  Local host:    instance-4
  Remote host:   10.128.0.20
This is usually caused by a firewall on the remote host. Please
check that any firewall (e.g., iptables) has been disabled and
try again.
------------------------------------------------------------
------------------------------------------------------------
A process or daemon was unable to complete a TCP connection
to another process:
  Local host:    instance-3
  Remote host:   10.128.0.20
This is usually caused by a firewall on the remote host. Please
check that any firewall (e.g., iptables) has been disabled and
try again.
------------------------------------------------------------
------------------------------------------------------------
A process or daemon was unable to complete a TCP connection
to another process:
  Local host:    instance-5
  Remote host:   10.128.0.20
This is usually caused by a firewall on the remote host. Please
check that any firewall (e.g., iptables) has been disabled and
try again.
------------------------------------------------------------
------------------------------------------------------------
A process or daemon was unable to complete a TCP connection
to another process:
  Local host:    instance-2
  Remote host:   10.128.0.20
This is usually caused by a firewall on the remote host. Please
check that any firewall (e.g., iptables) has been disabled and
try again.
------------------------------------------------------------
------------------------------------------------------------
A process or daemon was unable to complete a TCP connection
to another process:
  Local host:    instance-6
  Remote host:   10.128.0.20
This is usually caused by a firewall on the remote host. Please
check that any firewall (e.g., iptables) has been disabled and
try again.
------------------------------------------------------------
------------------------------------------------------------
A process or daemon was unable to complete a TCP connection
to another process:
  Local host:    instance-7
  Remote host:   10.128.0.20
This is usually caused by a firewall on the remote host. Please
check that any firewall (e.g., iptables) has been disabled and
try again.
------------------------------------------------------------
4
3
------------------------------------------------------------
A process or daemon was unable to complete a TCP connection
to another process:
  Local host:    instance-1
  Remote host:   10.128.0.20
This is usually caused by a firewall on the remote host. Please
check that any firewall (e.g., iptables) has been disabled and
try again.
------------------------------------------------------------
------------------------------------------------------------
A process or daemon was unable to complete a TCP connection
to another process:
  Local host:    instance-6
  Remote host:   10.128.0.20
This is usually caused by a firewall on the remote host. Please
check that any firewall (e.g., iptables) has been disabled and
try again.
------------------------------------------------------------
------------------------------------------------------------
A process or daemon was unable to complete a TCP connection
to another process:
  Local host:    instance-5
  Remote host:   10.128.0.20
This is usually caused by a firewall on the remote host. Please
check that any firewall (e.g., iptables) has been disabled and
try again.
------------------------------------------------------------
------------------------------------------------------------
A process or daemon was unable to complete a TCP connection
to another process:
  Local host:    instance-2
  Remote host:   10.128.0.20
This is usually caused by a firewall on the remote host. Please
check that any firewall (e.g., iptables) has been disabled and
try again.
------------------------------------------------------------
------------------------------------------------------------
A process or daemon was unable to complete a TCP connection
to another process:
  Local host:    instance-4
  Remote host:   10.128.0.20
This is usually caused by a firewall on the remote host. Please
check that any firewall (e.g., iptables) has been disabled and
try again.
------------------------------------------------------------
------------------------------------------------------------
A process or daemon was unable to complete a TCP connection
to another process:
  Local host:    instance-3
  Remote host:   10.128.0.20
This is usually caused by a firewall on the remote host. Please
check that any firewall (e.g., iptables) has been disabled and
try again.
------------------------------------------------------------
------------------------------------------------------------
A process or daemon was unable to complete a TCP connection
to another process:
  Local host:    instance-7
  Remote host:   10.128.0.20
This is usually caused by a firewall on the remote host. Please
check that any firewall (e.g., iptables) has been disabled and
try again.
------------------------------------------------------------
------------------------------------------------------------
A process or daemon was unable to complete a TCP connection
to another process:
  Local host:    instance-1
  Remote host:   10.128.0.20
This is usually caused by a firewall on the remote host. Please
check that any firewall (e.g., iptables) has been disabled and
try again.
------------------------------------------------------------
------------------------------------------------------------
A process or daemon was unable to complete a TCP connection
to another process:
  Local host:    instance-6
  Remote host:   10.128.0.20
This is usually caused by a firewall on the remote host. Please
check that any firewall (e.g., iptables) has been disabled and
try again.
------------------------------------------------------------
