13.365555
13.751357
13.885096
13.820567
13.425546
10.224133
10.170082
10.291551
10.183653
10.183887
8.556857
8.634634
8.614800
8.515661
8.536848
8.440440
8.555908
8.550347
8.549793
8.536106
8.450118
8.547399
8.514797
8.531577
8.521975
8.455461
8.570562
8.537710
8.513750
8.517294
23.439130
23.510392
23.754750
23.412688
23.504606
15.248685
15.233005
15.247858
15.271364
15.223244
11.209286
11.578046
11.399842
11.382491
11.435830
11.372156
11.480756
11.431543
11.480974
11.449658
11.377136
11.440049
11.498065
11.564279
11.675511
11.568186
11.573991
11.446962
11.486468
11.431948
38.024282
38.089035
38.069257
38.108069
38.148763
22.573102
22.631703
22.578247
22.592842
22.639231
15.090991
15.186693
15.185447
15.192721
15.203090
15.245200
15.316715
15.499617
15.327728
15.292823
15.259386
15.322269
15.384986
15.338627
15.349700
15.253284
15.335373
15.327458
15.325434
15.343540
55.351082
55.464036
55.665086
55.436953
55.563237
31.255192
31.239776
31.272570
31.344139
31.243510
19.543183
19.707123
19.650249
19.649520
19.636169
20.193761
20.276396
20.190694
20.291535
20.291944
20.206706
20.274115
20.289242
20.290562
20.321023
20.221702
20.325408
20.278857
20.282798
20.302375
79.354562
79.446954
79.350615
79.305043
79.263338
42.933871
43.281670
43.320874
43.154954
43.182153
25.788503
25.802949
25.785448
25.784110
25.827787
26.571716
26.628697
26.645438
26.651410
26.636454
26.563998
26.630367
26.614859
26.629624
26.638855
26.555300
26.555487
26.621552
26.628242
26.647656
106.530622
107.164419
107.000812
109.175959
106.751132
56.634278
56.678614
56.816157
56.831664
56.961604
32.754047
32.808472
32.890870
32.835016
32.814298
34.048631
34.111138
34.123620
34.108176
34.106830
34.089682
34.128899
34.142959
34.141487
34.261296
34.071477
34.170104
34.139986
34.150154
34.090484
137.837276
138.356199
139.437145
137.890876
137.984188
72.469194
72.481977
72.533914
72.581784
72.451017
41.052631
41.124159
41.119342
41.106464
41.107788
42.928032
42.972011
42.977695
42.952914
42.996159
42.923642
43.002707
42.995141
42.976971
43.004552
42.928274
43.107326
42.963421
43.005322
42.986753
