0.524648
0.527919
0.524665
0.522166
0.525543
0.462965
0.464291
0.467106
0.462800
0.464805
0.458728
0.445598
0.445072
0.443164
0.443271
0.430606
0.427508
0.434899
0.422435
0.422214
0.430855
0.432084
0.431097
0.430499
0.428280
0.423239
0.430600
0.428830
0.420283
0.425623
0.696057
0.696208
0.693745
0.701747
0.697122
0.555742
0.548725
0.552987
0.554785
0.566807
0.520941
0.518627
0.481021
0.506711
0.499933
0.475557
0.476389
0.488567
0.482050
0.473065
0.482255
0.482644
0.483337
0.484249
0.487125
0.479133
0.474722
0.482730
0.484707
0.479033
0.963942
0.946507
0.942831
0.942930
0.945725
0.680564
0.680817
0.673238
0.678545
0.676565
0.555792
0.573880
0.545881
0.541002
0.537843
0.538423
0.536669
0.536654
0.551956
0.541224
0.553987
0.555058
0.547716
0.556700
0.541066
0.539663
0.543902
0.548563
0.548214
0.541744
1.280297
1.263713
1.273367
1.273530
1.275380
0.844087
0.844334
0.832842
0.835579
0.836722
0.620748
0.640026
0.624182
0.623764
0.619452
0.633949
0.630688
0.638130
0.639174
0.633456
0.635335
0.650237
0.646985
0.636225
0.642062
0.637737
0.632327
0.630468
0.636803
0.633210
1.691515
1.695889
1.697994
1.698011
1.700526
1.048965
1.046590
1.043909
1.045143
1.044039
0.736577
0.744794
0.765933
0.748891
0.732567
0.750467
0.746809
0.750920
0.747478
0.754004
0.741178
0.759793
0.759094
0.755580
0.755901
0.746947
0.741123
0.745473
0.745086
0.749902
2.169748
2.182030
2.178209
2.172460
2.180591
1.281570
1.285003
1.278988
1.282938
1.277850
0.866637
0.895667
0.905121
0.869632
0.870329
0.882858
0.885995
0.880033
0.888679
0.884749
0.889787
0.888353
0.881877
0.886627
0.891203
0.875629
0.882969
0.886935
0.880815
0.878247
2.737968
2.726495
2.726436
2.730040
2.728408
1.561796
1.560176
1.557530
1.557696
1.561315
1.019201
1.006771
1.022221
1.008440
1.042503
1.040831
1.041390
1.043018
1.038800
1.040256
1.058025
1.059937
1.056472
1.052418
1.037415
1.028069
1.035045
1.053826
1.032005
1.025382
