0.540760
0.538383
0.532118
0.537628
0.530537
0.469731
0.468936
0.469532
0.467092
0.471674
0.465080
0.445295
0.447899
0.447586
0.442760
0.424465
0.424308
0.429252
0.426953
0.436543
0.428451
0.428753
0.429462
0.429306
0.430918
0.428872
0.432086
0.424621
0.428240
0.427080
0.699863
0.696171
0.704171
0.707191
0.702485
0.549349
0.543946
0.549333
0.549043
0.548654
0.469820
0.471213
0.483781
0.494072
0.476886
0.466079
0.464808
0.464215
0.466370
0.469851
0.472672
0.472271
0.472124
0.465827
0.465132
0.467037
0.464804
0.467106
0.464360
0.461729
0.960562
0.959860
0.961290
0.962335
0.960990
0.673983
0.676495
0.668650
0.673314
0.673735
0.548619
0.534699
0.550585
0.538865
0.537716
0.533747
0.533080
0.531659
0.531592
0.535507
0.546969
0.538092
0.533244
0.533556
0.535630
0.538016
0.532368
0.533332
0.532725
0.531367
1.288531
1.296170
1.290714
1.293824
1.294283
0.838272
0.839434
0.838614
0.836150
0.833829
0.633235
0.650463
0.629445
0.630914
0.632569
0.617042
0.621592
0.620489
0.623925
0.622176
0.634538
0.630672
0.622402
0.625883
0.633429
0.621421
0.621542
0.633388
0.615255
0.625158
1.731655
1.731302
1.735803
1.732177
1.732850
1.045056
1.042747
1.050603
1.045581
1.050265
0.745195
0.725602
0.742235
0.743271
0.748995
0.735449
0.731147
0.737207
0.742313
0.732372
0.754262
0.753290
0.742041
0.743604
0.750347
0.740899
0.737633
0.739070
0.742150
0.742237
2.229351
2.232692
2.229663
2.227607
2.228072
1.302519
1.298760
1.305672
1.299010
1.303875
0.890845
0.874480
0.872647
0.872883
0.874735
0.882544
0.879145
0.884951
0.874569
0.882174
0.875622
0.876588
0.877795
0.892251
0.896894
0.884526
0.876609
0.875695
0.875354
0.878773
2.810385
2.808776
2.802507
2.809577
2.803692
1.585599
1.589999
1.589433
1.584674
1.587322
1.039795
1.051213
1.025643
1.017702
1.022386
1.037794
1.041625
1.042314
1.041167
1.041877
1.033402
1.037848
1.042178
1.049203
1.057849
1.035302
1.040962
1.024520
1.033419
1.041362
