0.792989
0.786416
0.772327
0.769950
0.781775
0.595878
0.588711
0.593058
0.589681
0.598216
0.501090
0.519916
0.513742
0.501232
0.516108
0.487064
0.487499
0.488923
0.488800
0.488319
0.487581
0.487009
0.489206
0.486992
0.489269
0.488681
0.485425
0.485700
0.486518
0.484919
1.285835
1.295222
1.292049
1.289883
1.276768
0.845072
0.848069
0.851052
0.850636
0.845997
0.641064
0.649536
0.647112
0.638441
0.638804
0.632130
0.633112
0.630765
0.633175
0.628015
0.632214
0.632956
0.628201
0.631413
0.632569
0.628886
0.629482
0.627875
0.630660
0.633084
2.089231
2.088493
2.087724
2.090183
2.090442
1.244207
1.255341
1.254726
1.250851
1.249139
0.850708
0.844167
0.856489
0.850110
0.855819
0.843379
0.842995
0.840984
0.838939
0.841387
0.851686
0.843719
0.840057
0.841247
0.838836
0.843459
0.838160
0.844232
0.842248
0.845096
3.010310
3.020854
3.043054
3.015479
3.012630
1.719143
1.725619
1.710929
1.733475
1.711062
1.092617
1.092592
1.082784
1.096469
1.095167
1.105785
1.109493
1.107297
1.110478
1.110809
1.106194
1.112374
1.115035
1.111585
1.110449
1.109319
1.111447
1.107048
1.112106
1.114566
4.302790
4.300004
4.293271
4.294378
4.302612
2.343473
2.345327
2.338649
2.333941
2.343526
1.416551
1.416800
1.434829
1.424089
1.429099
1.451200
1.450377
1.452660
1.446596
1.448962
1.453003
1.452426
1.450581
1.452184
1.453498
1.452234
1.453003
1.452554
1.458160
1.455366
5.773990
5.781875
5.750058
5.746462
5.733264
3.077855
3.075851
3.081643
3.079492
3.080534
1.799853
1.807669
1.808837
1.811441
1.796829
1.854554
1.855298
1.853032
1.853560
1.854530
1.853275
1.853988
1.853428
1.856823
1.854155
1.853823
1.860727
1.856518
1.850598
1.855241
7.428655
7.417742
7.410524
7.407854
7.412791
3.906850
3.890058
3.908772
3.907240
3.904744
2.236170
2.236986
2.232041
2.236156
2.230564
2.320596
2.318472
2.314275
2.317829
2.319979
2.319795
2.318871
2.319997
2.315519
2.327061
2.315087
2.319050
2.316927
2.321284
2.318142
