8.237038
8.420783
8.431202
8.445677
8.454254
8.239248
8.439265
8.440252
8.440922
8.432828
8.238888
8.439429
8.436843
8.435883
8.453499
8.235428
8.447145
8.461906
8.434971
8.444639
8.234158
8.439015
8.461304
8.435947
8.436810
8.244050
8.438691
8.444504
8.428332
8.447291
10.601373
10.696206
10.776512
10.713767
10.758806
10.605992
10.728541
10.782776
10.711583
10.800653
10.610150
10.783252
10.723969
11.003798
10.789532
10.798675
10.726408
10.715711
10.708934
10.829755
10.605707
10.797668
10.789894
10.703467
10.796245
10.601950
10.801782
10.726719
10.799763
10.802526
13.911013
14.022147
14.023458
14.003340
14.023869
14.004920
14.019210
14.020094
14.007253
14.044252
13.929519
14.022199
14.061942
14.011953
14.019975
13.897124
14.024293
14.015550
14.028128
14.019769
13.916448
14.024495
14.014707
14.025452
14.002382
13.917434
14.023824
14.005096
14.006197
14.023639
18.305699
18.387341
18.408429
18.390826
18.411963
18.293994
18.378470
18.384498
18.391762
18.402919
18.298067
18.386573
18.383779
18.406783
18.399957
18.276176
18.371770
18.376912
18.380538
18.411104
18.304707
18.391381
18.497614
18.413494
18.407391
18.296872
18.386714
18.390483
18.404196
18.403652
23.631519
23.697373
23.716246
23.707707
23.713795
23.626982
23.702631
23.709861
23.700452
23.700542
23.628394
23.720799
23.704589
23.720222
23.719391
23.634460
23.700554
23.840975
23.713208
23.710676
23.636485
23.705541
23.714483
23.706759
23.707411
23.636448
23.700423
23.740773
23.711897
23.700821
29.998024
30.068402
30.140230
30.179146
30.096285
30.015395
30.098996
30.087426
30.071263
30.084572
30.019583
30.087833
30.087704
30.084445
30.176088
30.053728
30.082226
30.183205
30.065197
30.065263
29.992007
30.062085
30.089887
30.072341
30.076645
30.006156
30.060981
30.063482
30.057760
30.072131
37.239294
37.298009
37.300062
37.313171
37.319860
37.251790
37.320596
37.311214
37.328151
37.300331
37.297769
37.348247
37.360865
37.305818
37.311100
37.233752
37.314172
37.309254
37.311049
37.354667
37.239902
37.310929
37.310967
37.308275
37.337188
37.242229
37.311390
37.311562
37.310594
37.318998
