7.485114
7.620284
7.621051
7.615293
7.648402
5.482347
5.542156
5.618397
5.600093
5.596147
4.512018
4.581242
4.549661
4.608931
4.585384
4.033089
4.030745
4.026964
4.040289
4.033234
3.791018
3.788181
3.786484
3.789464
3.794317
3.677223
3.667293
3.668423
3.667805
3.666376
10.139735
10.341596
10.361406
10.371051
10.362225
6.863362
6.926370
6.934402
6.931034
6.933803
5.202914
5.274815
5.203765
5.201903
5.203085
4.369650
4.376921
4.370525
4.372321
4.369011
3.956205
3.955406
3.953222
3.964051
3.959448
3.751300
3.756693
3.748086
3.752602
3.749843
13.681053
13.874265
13.780473
13.770859
13.777998
8.632206
8.635745
8.708440
8.705841
8.709754
6.091522
6.091299
6.086310
6.093028
6.092404
4.812195
4.810546
4.812662
4.812864
4.814471
4.170988
4.171843
4.173583
4.171098
4.171872
3.857776
3.854881
3.860435
3.856556
3.855708
18.002619
18.114814
18.114988
18.221598
18.153467
10.993062
11.059198
10.916720
10.845660
10.888080
7.248538
7.219242
7.162360
7.172732
7.176804
5.349958
5.347482
5.350963
5.348224
5.351659
4.437716
4.438545
4.438472
4.439555
4.439678
3.985210
3.980902
3.980950
3.980930
3.985525
23.668898
23.782094
23.754684
23.758573
23.763306
13.627833
13.684558
13.688081
13.687047
13.693499
8.568609
8.568049
8.567260
8.569845
8.575302
6.040924
6.057263
6.041627
6.041497
6.035028
4.773137
4.774550
4.787768
4.781880
4.777770
4.145910
4.145522
4.146468
4.146317
4.177310
30.133849
30.062048
30.058510
30.059840
30.058577
16.806264
16.824157
16.805285
16.809963
16.819045
10.133715
10.131475
10.132292
10.129191
10.135496
6.812446
6.815573
6.817605
6.823708
6.813327
5.156222
5.157770
5.156669
5.160419
5.153902
4.321146
4.329653
4.323396
4.322337
4.329336
37.350486
37.508354
37.451015
37.442589
37.479591
20.461983
20.520715
20.461451
20.466999
20.479046
11.969144
11.962758
11.967094
12.002022
12.139755
7.729274
7.717009
7.715121
7.720702
7.723215
5.591930
5.597207
5.592118
5.597919
5.593276
4.531214
4.530740
4.525941
4.528207
4.528091
