8.383041
8.553935
8.560801
8.584698
8.543724
7.473982
7.674693
7.667706
7.659543
7.577348
6.979488
7.220610
7.210958
7.178651
7.176605
6.989229
7.218453
7.198152
7.186656
7.175373
6.986022
7.189697
7.187904
7.208492
7.190286
6.998335
7.187497
7.186215
7.177980
7.203144
10.688855
11.086480
10.915700
10.938347
10.833617
8.825035
8.918174
8.842907
8.828677
8.806578
7.802424
7.943002
7.857154
7.858990
7.962857
7.772322
7.878693
7.882333
7.875894
7.878411
7.802091
7.896975
7.911186
7.902790
7.901983
7.779309
7.900649
7.887309
7.879463
7.887099
14.135617
14.252980
14.243750
14.237953
14.292612
10.411633
10.498772
10.532507
10.544012
10.526400
8.682713
8.772404
8.804133
8.757071
8.754909
8.722116
8.806580
8.830875
8.829087
8.834841
8.744265
8.835591
8.841871
8.859061
8.843988
8.721800
8.846994
8.815434
8.819145
8.943242
18.557367
18.675369
18.692230
18.700594
18.703647
12.623912
12.845195
12.738769
12.743253
12.734518
9.834778
9.904907
9.912068
9.901683
9.891779
9.916172
10.011001
10.022721
10.013645
10.018076
9.918514
10.054767
10.030738
10.017989
10.012807
9.912469
10.025918
10.024485
10.014602
10.022707
24.276492
24.383817
24.399287
24.384722
24.386480
15.465846
15.549905
15.537621
15.538252
15.603632
11.268533
11.356121
11.370605
11.343502
11.382480
11.437839
11.533589
11.495327
11.500179
11.504781
11.435448
11.490010
11.548040
11.490416
11.564784
11.427654
11.522812
11.500273
11.542367
11.532000
30.836471
30.891645
30.942520
30.941839
30.945588
18.743289
18.805077
18.821838
18.808570
18.828753
12.958101
12.987705
13.031325
13.027887
12.998438
13.224311
13.309156
13.272391
13.297359
13.290497
13.196292
13.282408
13.278837
13.301708
13.279427
13.199318
13.297406
13.260600
13.300096
13.271631
38.525696
38.624680
38.537086
38.518240
38.675427
22.523301
22.619729
22.578861
22.611781
22.602179
14.916023
15.028138
14.966344
14.970515
15.004301
15.294948
15.377390
15.361574
15.350665
15.364153
15.289158
15.351146
15.353484
15.378506
15.335848
15.258141
15.324578
15.336731
15.326833
15.330409
