7.990540
7.724778
7.670930
7.625967
7.631979
7.093983
6.896017
6.848177
6.857843
6.863689
6.637738
6.509726
6.497866
6.508024
6.493796
6.544279
6.567859
6.534161
6.523741
6.484353
6.661439
6.536146
6.502417
6.509290
6.509367
6.578773
6.480958
6.494730
6.488817
6.545397
10.390966
10.343520
10.359622
10.323388
10.333410
8.501749
8.498517
8.510391
8.479573
8.502693
7.593358
7.611449
7.598733
7.610072
7.636652
7.719239
7.597515
7.630916
7.644009
7.633066
7.750355
7.669777
7.656740
7.632333
7.648855
7.668341
7.636349
7.658662
7.655383
7.652543
13.929405
13.889859
13.863583
13.908198
13.862872
10.379711
10.333498
10.340499
10.330069
10.336223
8.706360
8.674230
8.620924
8.684186
8.579348
8.780616
8.669763
8.759439
8.675270
8.717223
8.831581
8.675405
8.681661
8.677201
8.793601
8.758590
8.664818
8.770694
8.682587
8.669935
18.288916
18.221024
18.138075
18.134989
18.202443
12.590095
12.479030
12.534339
12.477264
12.496717
9.911108
9.784893
9.770218
9.784624
9.779601
10.018083
9.939530
9.950876
9.935978
9.946257
9.986018
9.949259
9.977670
9.982482
9.924890
9.947061
9.931583
9.950080
9.931751
9.956864
23.878551
23.858154
23.731597
23.875805
23.768444
15.398758
15.299926
15.380033
15.307786
15.317390
11.365301
11.281423
11.293526
11.245884
11.249604
11.464823
11.469825
11.461177
11.468057
11.497322
11.371491
11.460441
11.475944
11.476833
11.463246
11.363620
11.478474
11.494910
11.469283
11.469313
30.104829
30.158281
30.148579
30.095566
30.121786
18.327001
18.447010
18.611488
18.527525
18.502641
12.800028
12.941056
12.985085
12.923951
12.914827
13.165012
13.244468
13.261771
13.259383
13.268489
13.167062
13.284659
13.224889
13.319082
13.251046
13.127481
13.264972
13.339701
13.271065
13.259724
37.427512
37.494829
37.577618
37.542939
37.468464
21.970577
22.226924
22.089577
22.133588
22.084478
14.735427
14.769826
14.790519
14.790802
14.845828
15.183652
15.273020
15.273916
15.297453
15.478306
15.301024
15.323333
15.270718
15.250192
15.257148
15.183044
15.256369
15.276062
15.455967
15.295490
