10.738290
11.025082
10.764661
10.907502
11.065602
8.335661
8.558926
8.461239
8.589087
8.448252
7.150293
7.396193
7.370968
7.403356
7.401078
7.114826
7.316197
7.318074
7.315332
7.315788
7.118708
7.315210
7.317174
7.314852
7.340674
7.124127
7.302974
7.313046
7.413371
7.438947
17.831726
18.097007
18.097427
18.081723
18.097575
12.188739
12.606844
12.722482
12.420547
12.473466
9.455180
9.649064
9.637307
9.599901
9.648495
9.494539
9.702792
9.685499
9.677225
9.685762
9.495394
9.664649
9.693867
9.689689
9.683363
9.501937
9.682907
9.694685
9.700263
9.704543
28.425847
28.614298
28.615376
28.438572
28.582668
17.539953
17.686762
17.895268
18.026489
17.722789
12.375468
12.458667
12.489421
12.471280
12.477438
12.464596
12.569379
12.564259
12.565864
12.681025
12.461377
12.573351
12.583954
12.677043
12.592150
12.461812
12.752323
12.584971
12.655011
12.652559
41.005931
41.199261
41.115089
41.122467
41.215939
23.798971
23.873062
23.914283
23.924321
23.901206
15.709214
15.755621
15.873887
15.804950
15.757916
16.323678
16.186170
16.185905
16.196651
16.182246
16.089883
16.242219
16.234106
16.234535
16.244782
16.104735
16.256251
16.253990
16.279221
16.268686
57.590837
57.835343
57.757945
57.828112
57.747008
32.453726
32.216229
32.359878
32.390661
32.364617
20.118859
20.170276
20.169941
20.156590
20.181955
20.655909
20.736603
20.755498
20.742888
20.747373
20.642350
20.753808
20.754252
20.835768
20.779230
20.659412
20.818543
20.778773
20.789190
20.775444
76.724060
77.360203
77.042788
76.862730
76.750069
41.830202
42.022251
41.953740
41.975045
41.807714
25.103239
25.179504
25.230800
25.188022
25.190039
25.969786
26.201200
26.082658
26.086621
26.074460
26.032946
26.073976
26.163716
26.073910
26.069231
25.969285
26.104730
26.084937
26.101696
26.344194
98.620884
98.938544
98.703332
98.745198
98.997321
52.879768
53.152954
53.094311
52.873289
52.863107
30.890064
30.961312
30.999923
31.010865
30.964149
32.165401
32.249652
32.266347
32.241580
32.272398
32.154155
32.442444
32.258456
32.274894
32.251263
32.160703
32.270366
32.235686
32.248778
32.277481
